<?xml version="1.0" encoding="UTF-8"?>
<!-- Generated by org.testng.reporters.JUnitReportReporter -->
<testsuite skipped="0" hostname="Jatashankar" name="personalTest.testing2" tests="1" failures="0" timestamp="2019-10-12T17:34:06 IST" time="0.158" errors="0">
  <testcase name="login" time="0.158" classname="personalTest.testing2"/>
</testsuite> <!-- personalTest.testing2 -->
