<?xml version="1.0" encoding="UTF-8"?>
<!-- Generated by org.testng.reporters.JUnitReportReporter -->
<testsuite skipped="0" hostname="Jatashankar" name="personalTest.testing2" tests="1" failures="0" timestamp="2019-10-12T17:54:17 IST" time="13.766" errors="0">
  <testcase name="login" time="13.766" classname="personalTest.testing2"/>
</testsuite> <!-- personalTest.testing2 -->
